{
  "0 debug pnpm:scope": {
    "selected": 1
  },
  "1 error pnpm": {
    "errno": 1,
    "code": "ELIFECYCLE",
    "pkgid": "my-svelte-app@0.0.0",
    "stage": "dev",
    "script": "pnpm run lint:fix && vite",
    "pkgname": "my-svelte-app",
    "err": {
      "name": "pnpm",
      "message": "my-svelte-app@0.0.0 dev: `pnpm run lint:fix && vite`\nExit status 1",
      "code": "ELIFECYCLE",
      "stack": "pnpm: my-svelte-app@0.0.0 dev: `pnpm run lint:fix && vite`\nExit status 1\n    at EventEmitter.<anonymous> (/Users/homlinlee/.nvm/versions/node/v18.3.0/lib/node_modules/pnpm/dist/pnpm.cjs:106976:20)\n    at EventEmitter.emit (node:events:527:28)\n    at ChildProcess.<anonymous> (/Users/homlinlee/.nvm/versions/node/v18.3.0/lib/node_modules/pnpm/dist/pnpm.cjs:93542:18)\n    at ChildProcess.emit (node:events:527:28)\n    at maybeClose (node:internal/child_process:1090:16)\n    at ChildProcess._handle.onexit (node:internal/child_process:302:5)"
    }
  },
  "2 warn pnpm:global": " Local package.json exists, but node_modules missing, did you mean to install?"
}